<?xml version="1.0" encoding="UTF-8"?>
<testng-results ignored="0" total="2" passed="2" failed="0" skipped="0">
  <reporter-output>
    <line>
      <![CDATA[Seeting Up reports and Test is getting ready]]>
    </line>
    <line>
      <![CDATA[Seeting done- Test can be started]]>
    </line>
    <line>
      <![CDATA[Trying to start Browser and Getting application ready]]>
    </line>
    <line>
      <![CDATA[Browser and application is up and running]]>
    </line>
    <line>
      <![CDATA[Test is about to end]]>
    </line>
    <line>
      <![CDATA[Test Completed >>> Reports Generated]]>
    </line>
    <line>
      <![CDATA[Test is about to end]]>
    </line>
    <line>
      <![CDATA[Test Completed >>> Reports Generated]]>
    </line>
  </reporter-output>
  <suite started-at="2022-05-13T17:16:56 EDT" name="Suite" finished-at="2022-05-13T17:17:05 EDT" duration-ms="9041">
    <groups>
    </groups>
    <test started-at="2022-05-13T17:16:56 EDT" name="Test" finished-at="2022-05-13T17:17:05 EDT" duration-ms="9041">
      <class name="com.learnautomation.testcases.LoginTestFB">
        <test-method is-config="true" signature="setUpSuite()[pri:0, instance:com.learnautomation.testcases.LoginTestFB@7d4f9aae]" started-at="2022-05-13T17:16:55 EDT" name="setUpSuite" finished-at="2022-05-13T17:16:56 EDT" duration-ms="1104" status="PASS">
          <reporter-output>
            <line>
              <![CDATA[Seeting Up reports and Test is getting ready]]>
            </line>
            <line>
              <![CDATA[Seeting done- Test can be started]]>
            </line>
          </reporter-output>
        </test-method> <!-- setUpSuite -->
        <test-method is-config="true" signature="setup()[pri:0, instance:com.learnautomation.testcases.LoginTestFB@7d4f9aae]" started-at="2022-05-13T17:16:56 EDT" name="setup" finished-at="2022-05-13T17:17:00 EDT" duration-ms="3534" status="PASS">
          <reporter-output>
            <line>
              <![CDATA[Trying to start Browser and Getting application ready]]>
            </line>
            <line>
              <![CDATA[Browser and application is up and running]]>
            </line>
          </reporter-output>
        </test-method> <!-- setup -->
        <test-method signature="loginApp()[pri:1, instance:com.learnautomation.testcases.LoginTestFB@7d4f9aae]" started-at="2022-05-13T17:17:00 EDT" name="loginApp" finished-at="2022-05-13T17:17:02 EDT" duration-ms="2500" status="PASS">
          <reporter-output>
          </reporter-output>
        </test-method> <!-- loginApp -->
        <test-method is-config="true" signature="tearDownMethod(org.testng.ITestResult)[pri:0, instance:com.learnautomation.testcases.LoginTestFB@7d4f9aae]" started-at="2022-05-13T17:17:02 EDT" name="tearDownMethod" finished-at="2022-05-13T17:17:05 EDT" duration-ms="2571" status="PASS">
          <params>
            <param index="0">
              <value>
                <![CDATA[[TestResult name=loginApp status=SUCCESS method=LoginTestFB.loginApp()[pri:1, instance:com.learnautomation.testcases.LoginTestFB@7d4f9aae] output={null}]]]>
              </value>
            </param>
          </params>
          <reporter-output>
            <line>
              <![CDATA[Test is about to end]]>
            </line>
            <line>
              <![CDATA[Test Completed >>> Reports Generated]]>
            </line>
          </reporter-output>
        </test-method> <!-- tearDownMethod -->
        <test-method is-config="true" signature="tearDownMethod(org.testng.ITestResult)[pri:0, instance:com.learnautomation.testcases.LoginTestFB@7d4f9aae]" started-at="2022-05-13T17:17:05 EDT" name="tearDownMethod" finished-at="2022-05-13T17:17:05 EDT" duration-ms="200" status="PASS">
          <params>
            <param index="0">
              <value>
                <![CDATA[[TestResult name=loginApp1 status=SUCCESS method=LoginTestFB.loginApp1()[pri:2, instance:com.learnautomation.testcases.LoginTestFB@7d4f9aae] output={null}]]]>
              </value>
            </param>
          </params>
          <reporter-output>
            <line>
              <![CDATA[Test is about to end]]>
            </line>
            <line>
              <![CDATA[Test Completed >>> Reports Generated]]>
            </line>
          </reporter-output>
        </test-method> <!-- tearDownMethod -->
        <test-method signature="loginApp1()[pri:2, instance:com.learnautomation.testcases.LoginTestFB@7d4f9aae]" started-at="2022-05-13T17:17:05 EDT" name="loginApp1" finished-at="2022-05-13T17:17:05 EDT" duration-ms="0" status="PASS">
          <reporter-output>
          </reporter-output>
        </test-method> <!-- loginApp1 -->
        <test-method is-config="true" signature="tearDown()[pri:0, instance:com.learnautomation.testcases.LoginTestFB@7d4f9aae]" started-at="2022-05-13T17:17:05 EDT" name="tearDown" finished-at="2022-05-13T17:17:05 EDT" duration-ms="193" status="PASS">
          <reporter-output>
          </reporter-output>
        </test-method> <!-- tearDown -->
      </class> <!-- com.learnautomation.testcases.LoginTestFB -->
    </test> <!-- Test -->
  </suite> <!-- Suite -->
</testng-results>
